C51 COMPILER V9.01   UART                                                                  03/28/2011 01:58:49 PAGE 1   


C51 COMPILER V9.01, COMPILATION OF MODULE UART
OBJECT MODULE PLACED IN uart.OBJ
COMPILER INVOKED BY: C:\Keil\C51\BIN\C51.EXE uart.c LARGE BROWSE DEBUG OBJECTEXTEND TABS(2)

line level    source

   1          /***********************************************************************
   2          MODULE    :   UART   
   3          Chuc nang :   Khoi tao ngoai vi va toc do Baud cho UART giua MCU va PC
   4          Tac gia   :   Bui Trung Hieu - Webmaster: http://www.khvt.com
   5          Su dung   :   Co the su dung voi moi muc dich ma khong can xin phep 
   6                  tac gia ve tac quyen, tac gia khong chiu moi trach nhiem ve 
   7                  cac tac hai gay ra va khong doi hoi cac loi ich co the co
   8          Khoi tao  : Ngay 31 thang 1 nam 2006 luc 9h15'PM
   9          Hoan thanh  : Ngay 31 thang 1 nam 2006 luc 10h15'PM
  10          
  11          Ghi chu them: -Modul nay duoc tao ra de tich hop voi ham printf("") san co.
  12                  -Ham ngat dat o bank 0 va khong co uu tien ngat       
  13          ***********************************************************************/
  14          
  15          // Khai bao thu vien thanh ghi cua P89V51RD2 va cac ham dung trong uart
  16          #include <P89V51Rx2.h>
  17          #include "uart.h"
  18                      
  19          
  20          /***********************************************************************
  21          Chuc nang :    Khoi tao UART o mode 1, 
  22                  -Su dung dao dong Osc 12Mhz
  23                  -BAUDRATE:   19200          
  24          Gia tri tra ve:   Khong co
  25          Luu y   : De dung ket hop voi ngat uart, phai dat EA=1
  26          ************************************************************************/
  27          #define xtal 12000000L
  28          #define        baud 38400
  29          #define               SMOD_  0x80
  30          void uart_init(void)
  31          {
  32   1       unsigned int bu;
  33   1        TR1 = 0;          // Configure timer 1 as a baud rate generator
  34   1        TCLK=0;RCLK=0;//tao baud thu fat deu dung time 1 mac dinh la 00 luon
  35   1       // PCON |=SMOD_;                // bo che do double baud; 0x80=SMOD: set serial baudrate doubler
  36   1      
  37   1       // TMOD=TMOD &(~T1_GATE_)&(~T1_CT_)|(T1_M1_)&(~T1_M0_);//tuong duong lenh duoi, lenh nay ro hon ve cau tr
             -uc fan cung
  38   1        TMOD |= 0x20;                // put timer 1 into MODE 2
  39   1       // if(PCON&SMOD_)baud/=2;
  40   1        bu=(unsigned char) (-(xtal/384 )/ baud);
  41   1        TH1 =bu; 
  42   1        TR1 = 1;        // start timer 1
  43   1        //khoi lenh nay tuong duong lenh duoi nhung ro net hon
  44   1      /* {
  45   1        RI   = 1;//set khi co ngat thu phai set de co the thu dc ban dau
  46   1        TI   = 1;//set khi co ngat phat phai set de co the phat duoc ban dau
  47   1        RB8  = 0;//ko cho thu bit 8 chi set khi multi
  48   1        TB8  = 0;//ko cho truyen bit 8 chi set khi multi
  49   1        REN  = 1;//cho phep thu
  50   1        SM2  = 0;//ko phai che do multy
  51   1        SM1  = 1;
  52   1        SM0  = 0;  
  53   1       }*/
  54   1        SCON=0x53;// serial
C51 COMPILER V9.01   UART                                                                  03/28/2011 01:58:49 PAGE 2   

  55   1      } //Ket thuc ham khoi tao UART
  56          
  57          void uart_isr(void) interrupt 4 using 0
  58          {
  59   1      }
  60          //Ham ngat khong lam gi ca() :)


MODULE INFORMATION:   STATIC OVERLAYABLE
   CODE SIZE        =     19    ----
   CONSTANT SIZE    =   ----    ----
   XDATA SIZE       =   ----    ----
   PDATA SIZE       =   ----    ----
   DATA SIZE        =   ----    ----
   IDATA SIZE       =   ----    ----
   BIT SIZE         =   ----    ----
END OF MODULE INFORMATION.


C51 COMPILATION COMPLETE.  0 WARNING(S),  0 ERROR(S)
