C51 COMPILER V9.01   LED_PORT                                                              03/15/2012 10:08:10 PAGE 1   


C51 COMPILER V9.01, COMPILATION OF MODULE LED_PORT
OBJECT MODULE PLACED IN led_port.OBJ
COMPILER INVOKED BY: C:\Keil\C51\BIN\C51.EXE led_port.c BROWSE DEBUG OBJECTEXTEND

line level    source

   1          #include <REGX52.H>
   2          #include <delay.h>
   3          #define  tre   50 
   4          void outputallp(unsigned long x){   
   5   1         P1=x;
   6   1         P3=(x>>8);
   7   1         P2=(x>>16);
   8   1         P0=(x>>24);
   9   1      }
  10          void nhaydanled(unsigned char x){ 
  11   1      unsigned char i;
  12   1                for(i=0;i<x;i++){              
  13   2                    if(i%2)outputallp(0xffffffff);else outputallp(0);                
  14   2                    delay_ms(tre);              
  15   2                }
  16   1      }
  17          char code font[10]={0xC0,0xF9,0xA4,0xB0,0x99,0x92,0x82,0xf8,0x80,0x90};//duong chung
  18          void main(){
  19   1         unsigned char i,j;
  20   1         unsigned long x;
  21   1         bit huong=1;
  22   1         unsigned int xl;
  23   1         
  24   1          while(1){ 
  25   2               P3=(0xff);
  26   2         /*      for(xl=0;xl<(1000);xl++){
  27   2                  for(i=0;i<8;i++){ 
  28   2                      output_d(0xff);
  29   2                      output_c(1<<i);
  30   2                      output_d(font[i]);
  31   2                      delay_ms(1);       
  32   2                   }
  33   2               }*/
  34   2               
  35   2               for(j=0;j<4;j++){
  36   3                x=1;
  37   3                huong=0;
  38   3                for(i=0;i<64;i++){           
  39   4                    outputallp(x);               
  40   4                    delay_ms(tre);  
  41   4                    if(i==32) huong=1; 
  42   4                    if(huong)rotate_right (&x,sizeof(x));else rotate_left (&x,sizeof(x));
*** WARNING C206 IN LINE 42 OF LED_PORT.C: 'rotate_right': missing function-prototype
*** ERROR C267 IN LINE 42 OF LED_PORT.C: 'rotate_right': requires ANSI-style prototype
  43   4                } 
  44   3           }  
  45   2           nhaydanled(16);
  46   2            for(j=0;j<4;j++){
  47   3                x=0x1;
  48   3                huong=0;
  49   3                for(i=0;i<64;i++){           
  50   4                    outputallp(x);            
  51   4                    delay_ms(tre);  
  52   4                    if(i==32) huong=1; 
  53   4                    if(huong){shift_right (&x, sizeof(x),0);}else {rotate_left (&x,sizeof(x));x=x|1;}         
C51 COMPILER V9.01   LED_PORT                                                              03/15/2012 10:08:10 PAGE 2   

  54   4                                  
  55   4                } 
  56   3            }    
  57   2           nhaydanled(16);    
  58   2                #define dimer 50         
  59   2       
  60   2                for(j=0;j<4;j++){ 
  61   3                huong=0;
  62   3                x=0xffffff00;
  63   3                for(i=0;i<54;i++){ 
  64   4                   if(huong)rotate_right (&x,sizeof(x));else rotate_left (&x,sizeof(x));
  65   4                   outputallp(x); 
  66   4                   delay_ms(tre);
  67   4                   if(i==32) huong=1;              
  68   4                }
  69   3                
  70   3               }
  71   2               nhaydanled(16);
  72   2            //    x=0x000000;
  73   2                for(j=0;j<4;j++){
  74   3                   huong=0;
  75   3                   x=0x000000;
  76   3                   for(i=0;i<32;i++){ 
  77   4                      if(i==16) huong=1;
  78   4                      if(huong){ bit_clear(x,i-16);bit_clear(x,47-i);}else{ bit_set(x,15-i);bit_set(x,16+i);}
  79   4                      outputallp(x); 
  80   4                      delay_ms(tre);               
  81   4                   }
  82   3                }
  83   2                nhaydanled(16);
  84   2          
  85   2                for(j=0;j<4;j++){
  86   3                   huong=0;
  87   3                   x=0x000000;
  88   3                   for(i=0;i<32;i++){ 
  89   4                      if(i==16) huong=1;
  90   4                      if(huong){ bit_clear(x,31-i);bit_clear(x,47-i);}else{ bit_set(x,i);bit_set(x,16+i);}
  91   4                      outputallp(x); 
  92   4                      delay_ms(tre);               
  93   4                   }
  94   3                }
  95   2                nhaydanled(16);
  96   2                for(j=0;j<4;j++){
  97   3                   huong=0;
  98   3                   x=0x000000;
  99   3                   for(i=0;i<32;i++){ 
 100   4                      if(i==16) huong=1;
 101   4                      x=0;
 102   4                      if(huong){ bit_set(x,31-i);bit_set(x,47-i);}else{ bit_set(x,i);bit_set(x,16+i);}
 103   4                      outputallp(x); 
 104   4                      delay_ms(tre);               
 105   4                   }
 106   3                }
 107   2                nhaydanled(32); 
 108   2          }
 109   1      }

C51 COMPILATION COMPLETE.  1 WARNING(S),  1 ERROR(S)
