C51 COMPILER V9.01   BACKUP                                                                05/29/2011 16:28:02 PAGE 1   


C51 COMPILER V9.01, COMPILATION OF MODULE BACKUP
OBJECT MODULE PLACED IN backup.OBJ
COMPILER INVOKED BY: C:\Keil\C51\BIN\C51.EXE backup.c BROWSE DEBUG OBJECTEXTEND

line level    source

   1          NOSYMBOLS, NOPUBLICS 
   2          RAMSIZE(256) 
*** ERROR C141 IN LINE 2 OF BACKUP.C: syntax error near 'RAMSIZE'
   3          CODE( 0X0000-0XFFFF ) ;
*** ERROR C141 IN LINE 3 OF BACKUP.C: syntax error near 'CODE'
   4          ;NOOVERLAY 
*** ERROR C141 IN LINE 4 OF BACKUP.C: syntax error near ';'
   5          OVERLAY ( 
*** ERROR C129 IN LINE 5 OF BACKUP.C: missing ';' before 'OVERLAY'
   6            *!nhappass,*!inputstttb,*!caidathengio,*!inputonoffbit,*!nhaythietbi,*!inputincdec,*!datsothietbi,*!digi
             -2textbin
   7           ,ngattime2 ! (?C_C51STARTUP,?PR?MAIN?MAIN,nhappass,datsothietbi,caidattungthietbi,main,inputstttb
   8           ,caidathengio,inputincdec,inputonoffbit,nhaythietbi,digi2textbin)
   9           ,setthoigianugetkey  ! (getkeyab)//troham 
  10           ,settimeugetkey ! (getkeyab)//troham
  11          ) 

C51 COMPILATION COMPLETE.  0 WARNING(S),  4 ERROR(S)
