C51 COMPILER V9.01   BELL                                                                  05/29/2011 16:28:02 PAGE 1   


C51 COMPILER V9.01, COMPILATION OF MODULE BELL
OBJECT MODULE PLACED IN bell.OBJ
COMPILER INVOKED BY: C:\Keil\C51\BIN\C51.EXE bell.c BROWSE DEBUG OBJECTEXTEND

line level    source

   1          #define  bell__c
   2          #include  <bell.h >
*** ERROR C202 IN LINE 8 OF BELL.H: 'P0': undefined identifier
*** WARNING C322 IN LINE 16 OF delay.h: unknown identifier
   3          //ndelaytime2usms
   4          #undef  on
   5          #undef  off
   6          #define on  0
   7          #define off 1
   8          //typedef enum  {belloff,bellon,bellerror,bellwarning,bellsucsesful,bellarlam} bell;
   9          unsigned char bell,belltemp,coutbell,coutrepeat;
  10          unsigned char getbell(){
  11   1              return bell;
  12   1      }
  13          unsigned char setbell(unsigned char codebell){
  14   1              bell=codebell&(~diir_);
  15   1              return bell;
  16   1      }
  17          
  18          void checkbellauto(){   
  19   1              /*if((bell!=offbell)&&!IRIN){
  20   1              delay_us(100);
  21   1              if(!IRIN){bell=offbell;}
  22   1              }*/     
  23   1              if(bell==offbell){belltemp=offbell;coutbell=0;ring=off;coutrepeat=0;return;}
*** ERROR C202 IN LINE 23 OF BELL.C: 'ring': undefined identifier
  24   1              else if(bell==lockbell){coutbell=0;coutrepeat=0;return;}
  25   1              if(belltemp!=bell){
  26   2                      coutbell=0;ring=off;belltemp=bell;coutrepeat=0;
*** ERROR C202 IN LINE 26 OF BELL.C: 'ring': undefined identifier
  27   2              };//belltemp luu trang thai kieu bell truoc do,neu co thay doi thi gan bien dem =0 ngay
  28   1              switch (bell){
  29   2                      //typedef enum  {binhthuong,bellonoff,bellerror,bellwarning,bellsucsesful,bellarlam} bell;
  30   2                      case binhthuong:
  31   2                              switch(coutbell){
  32   3                                      case ndelaytime2usms(0)   :ring=on;break;
*** ERROR C202 IN LINE 32 OF BELL.C: 'ring': undefined identifier
  33   3                                      case ndelaytime2usms(100) :ring=off;coutbell=0;break;
*** ERROR C202 IN LINE 33 OF BELL.C: 'ring': undefined identifier
  34   3                              }break;
  35   2                      case bellonoff:
  36   2                              switch(coutbell){
  37   3                                      case ndelaytime2usms(0)   :ring=on;break;
*** ERROR C202 IN LINE 37 OF BELL.C: 'ring': undefined identifier
  38   3                                      case ndelaytime2usms(100) :ring=off;coutbell=0;break;
*** ERROR C202 IN LINE 38 OF BELL.C: 'ring': undefined identifier
  39   3                              }break;
  40   2                      case bellwarning: 
  41   2                              switch(coutbell){
  42   3                                      case ndelaytime2usms(0)   :ring=on;break;
*** ERROR C202 IN LINE 42 OF BELL.C: 'ring': undefined identifier
  43   3                                      case ndelaytime2usms(100) :ring=off;break;
*** ERROR C202 IN LINE 43 OF BELL.C: 'ring': undefined identifier
  44   3                                      case ndelaytime2usms(150) :ring=on;break;
*** ERROR C202 IN LINE 44 OF BELL.C: 'ring': undefined identifier
C51 COMPILER V9.01   BELL                                                                  05/29/2011 16:28:02 PAGE 2   

  45   3                                      case ndelaytime2usms(250) :ring=off;break;
*** ERROR C202 IN LINE 45 OF BELL.C: 'ring': undefined identifier
  46   3                                      case ndelaytime2usms(350) :ring=off;coutbell=0;break;
*** ERROR C202 IN LINE 46 OF BELL.C: 'ring': undefined identifier
  47   3                              }
  48   2                              if((!coutbell)){if((++coutrepeat)>=15){coutrepeat=0;ring=off;}}break;
*** ERROR C202 IN LINE 48 OF BELL.C: 'ring': undefined identifier
  49   2                      case bellsucsesful:
  50   2                              switch(coutbell){
  51   3                                      case ndelaytime2usms(0)   :ring=on;break;
*** ERROR C202 IN LINE 51 OF BELL.C: 'ring': undefined identifier
  52   3                                      case ndelaytime2usms(200) :ring=off;coutbell=0;break;
*** ERROR C202 IN LINE 52 OF BELL.C: 'ring': undefined identifier
  53   3                                      case ndelaytime2usms(250) :ring=off;break;
*** ERROR C202 IN LINE 53 OF BELL.C: 'ring': undefined identifier
  54   3                              }break;
  55   2                      
  56   2                      case bellarlam:
  57   2                              switch(coutbell){
  58   3                                      case ndelaytime2usms(0)   :ring=on;break;
*** ERROR C202 IN LINE 58 OF BELL.C: 'ring': undefined identifier
  59   3                                      case ndelaytime2usms(250) :ring=off;break;//250
*** ERROR C202 IN LINE 59 OF BELL.C: 'ring': undefined identifier
  60   3                                      case ndelaytime2usms(500) :ring=on;break;
*** ERROR C202 IN LINE 60 OF BELL.C: 'ring': undefined identifier
  61   3                                      case ndelaytime2usms(700) :ring=off;break;//200
*** ERROR C202 IN LINE 61 OF BELL.C: 'ring': undefined identifier
  62   3                                      case ndelaytime2usms(950) :ring=on;break;
*** ERROR C202 IN LINE 62 OF BELL.C: 'ring': undefined identifier
  63   3                                      case ndelaytime2usms(1050):ring=off;break;      //100
*** ERROR C202 IN LINE 63 OF BELL.C: 'ring': undefined identifier
  64   3                                      case ndelaytime2usms(1500):ring=off;coutbell=0;break;
*** ERROR C202 IN LINE 64 OF BELL.C: 'ring': undefined identifier
  65   3                              }
  66   2                              if(!coutbell){if((++coutrepeat)>100){coutrepeat=0;ring=off;}}break;
*** ERROR C202 IN LINE 66 OF BELL.C: 'ring': undefined identifier
  67   2                      case baodotnhap:
  68   2                              switch(coutbell){
  69   3                                      case ndelaytime2usms(0)   :ring=on;break;
*** ERROR C202 IN LINE 69 OF BELL.C: 'ring': undefined identifier
  70   3                                      case ndelaytime2usms(300) :ring=off;break;
*** ERROR C202 IN LINE 70 OF BELL.C: 'ring': undefined identifier
  71   3                                      case ndelaytime2usms(350) :ring=on;break;
*** ERROR C202 IN LINE 71 OF BELL.C: 'ring': undefined identifier
  72   3                                      case ndelaytime2usms(550) :ring=off;break;
*** ERROR C202 IN LINE 72 OF BELL.C: 'ring': undefined identifier
  73   3                                      case ndelaytime2usms(650) :ring=off;coutbell=0;break;
*** ERROR C202 IN LINE 73 OF BELL.C: 'ring': undefined identifier
  74   3                              }
  75   2                              if(!coutbell){if((++coutrepeat)>100){coutrepeat=0;ring=off;}}break;
*** ERROR C202 IN LINE 75 OF BELL.C: 'ring': undefined identifier
  76   2                      
  77   2                      case offbell:coutrepeat=0;coutbell=0;ring=off;
*** ERROR C202 IN LINE 77 OF BELL.C: 'ring': undefined identifier
  78   2                      break;
  79   2              }
  80   1      if((!coutbell)&&(!coutrepeat)&&(ring==off)){bell=offbell;}else coutbell++;//neu da xong am bao thi tat het
             - cac bien
*** ERROR C202 IN LINE 80 OF BELL.C: 'ring': undefined identifier
  81   1      }

C51 COMPILATION COMPLETE.  1 WARNING(S),  32 ERROR(S)
