C51 COMPILER V9.01   IR_GETKEY                                                             05/29/2011 16:28:05 PAGE 1   


C51 COMPILER V9.01, COMPILATION OF MODULE IR_GETKEY
OBJECT MODULE PLACED IN ir_getkey.OBJ
COMPILER INVOKED BY: C:\Keil\C51\BIN\C51.EXE ir_getkey.c BROWSE DEBUG OBJECTEXTEND

line level    source

   1          /*
   2          Mo ta: Thu tin hieu hong ngoai, tra lai gia tri la command cua tin hieu da duoc chuan hoa
   3          Phan cung: mat nhan IR co chan out noi vao 1 chan cua dk*/
   4          //#include <AT89X52.H>
   5          #define  ir_getkey__c
   6          #include <ir_getkey.h>
*** ERROR C129 IN LINE 21 OF LCD.H: missing ';' before 'lcd_wait'
*** WARNING C322 IN LINE 16 OF delay.h: unknown identifier
*** WARNING C315 IN LINE 9 OF digi2text.h: unknown #directive 'endifs'
   7          
   8          #define     loaidk   0xBFFB
   9          #define     loailenh 0XFEFF
  10          #define     chobit   700
  11          char code lenhgoc[]={0x66,0xf6,0x76,0xb6,0x36,0xd6,0x56,0x96,0x16,0xe6,0x42,0x32,0x72,0x74,0xb2,
  12                               0x2e,0x0e,0xf4,0x12,0xd2,0xce,0x7a,0x6c,0xfa,0xb4,0x52,0x5e,0x62,0x22,
  13                                                   0x1e,0x9e}  ;//2 nut cuoi la cua da nang
  14          char code lenhchuanhoa[]={0,1,2,3,4,5,6,7,8,9,10,11,12,13,14,15,16,17,18,19,20,21,22,23,24,25,26,27,28,
  15                                    28,14};
  16          union{
  17                  long    ucommand ;
  18                  int     uaddress ;
  19          }u4;
  20          
  21          #define   address u4.uaddress
  22          #define   command u4.ucommand
  23          unsigned      char     n;
  24          char data flagstatus;
  25          void waitsig(char indexjmp){  
  26                  settimeout(indexjmp&(~(eidl_|delay_)),tioums(60000L));
  27                  if(indexjmp&delay_)delay_ms(2000);
  28                  flagstatus|=(chongat_|flagtimeout_);
  29                  if(indexjmp&eidl_){while(ir_in())PCON|=IDL_;}else while(ir_in());
  30                  flagstatus&=(~chongat_);
  31                  //settimeout(0,notimeout);khong can thiet vi da xoa chongat thi 
  32          }
  33          char ir_getkey(unsigned char codebell){   //bien x dung xac nhan dat timeout, va dieu khien coi cac loai
  34                  if((codebell&(~diir_))==offbell){bell=offbell;ring=1;}
  35                  ir_init();
  36                  thulai:
  37                  flagstatus|=chongat_;
  38                  //Hearder       3554  1637
  39                  for ( n=0;n<100;n++){
  40                          delay_us(20);
  41                          if(ir_in())goto thulai;
  42                  }
  43                  //if((bell!=offbell)){bell=offbell;ring=1;}     
  44                  
  45                  while(!ir_in());
  46                  for(n=0;n<10;n++){
  47                          delay_us(100);
  48                          if(!ir_in()){goto thulai;}
  49                  }
  50                  while (ir_in());
  51                  flagstatus&=(~chongat_);//xoa ko cho ngat thuc hien ham fuc tap
  52                  //Het Hearder bat dau thu address hay con goi predata
C51 COMPILER V9.01   IR_GETKEY                                                             05/29/2011 16:28:05 PAGE 2   

  53                  address=0;
  54                  for(n=0;n<16;n++){
  55                          while(!ir_in());
  56                          delay_us(chobit);
  57                          address=(address<<1);
  58                          if(ir_in()==0){address|=1;}
  59                          while(ir_in());
  60                  }
  61                  if((int)loaidk!=address){goto thulai;}  //kiem tra toi day la dung toi phan sau thi sai ????
  62                  //Thu xong dia chi tiep theo thu lenh
  63                  for(n=0;n<32;n++){
  64                          while(!ir_in());
  65                          delay_us(chobit);
  66                          command=(command<<1);
  67                          if(ir_in()==0){command|=1;}
  68                          while(ir_in());
  69                  }
  70                  
  71                  if((int)(command>>16)!=loailenh){goto thulai;} //toi day van dang dung
  72                  
  73                  if( ((char)(((int)command)>>8))!=((char)command+1)){goto thulai;}
  74                  
  75                  for(n=0;n<sizeof(lenhgoc);n++){    //chuyen lenh sang lenh chuan hoa;
  76                          if(lenhgoc[n]==(char)command){
  77                                  led_lcd=0;
  78                                  n=lenhchuanhoa[n];
  79                                  setbell(codebell);//cai dat am bao dua tren thong so truyen vao codebell
  80                                  if(codebell&diir_){sprintf(lcd_buff,"%02u",(uint)n);lcd_puts(lcd_buff);}
  81                                  if(n==hienthoigian){lcd_clr(lines);hienthithoigian(&timesys);}
  82                                  if(n==thoat){eeprom_reads(adee_env(0),sizeof(env),env);longjmp(env,'i');};
  83                                  //delay_ms(100);
  84                                  return n;
  85                          }
  86                  }
  87                  goto thulai;
  88          }
  89          unsigned char ir_getkeytimeout(unsigned char maring,unsigned char indexjmp){  
  90                  unsigned char temp;
  91                  settimeout(indexjmp,tioums(60000L));
  92                  //while(ir_in())PCON|=IDL_;
  93                  temp=ir_getkey(maring);
  94                  settimeout(0,notimeout);
  95                  return temp;
  96          }
  97          unsigned int getkeyab(unsigned int dmin,unsigned int dmax,unsigned char display){   //bien x dung xac nhan
             - dat timeout, nhap va0 so >=a <=b
  98                  //unsigned char arrbuff[33];//so toi da 65536 la 5 chu + 1 null cua chuoi =6
  99                  unsigned char i,strmax,strmin,sobam;
 100                  unsigned long digi=0,temp,toadotruyen=lcd_wait();
 101                  while(getbell()!=offbell);
 102                  strmax=digi2text(lcd_buff,10,dmax)-1;//so chu so cua dmax, bi loi truyen tham so sai
 103                  strmin=digi2text(lcd_buff,10,dmin)-1;
 104                  if(display&minmax_){
 105                          sprintf(lcd_buff,"%u->%u",dmin,dmax);
 106                          lcd_putsxy(lcd_buff,0,lines-1);
 107                          lcd_goto(toadotruyen);
 108                  }
 109                  
 110                  if(display&PAXX_)for(i=0;i<strmax+1;i++){lcd_putchar('X');}
 111                  lcd_goto(toadotruyen);
 112                  
 113                  for(i=(strmax);i!=0xFF;i--){
C51 COMPILER V9.01   IR_GETKEY                                                             05/29/2011 16:28:05 PAGE 3   

 114                          //while(ir_in());
 115                          thulaichuso:
 116                          delay_ms(100);
 117                          while((temp=ir_getkeytimeout(offbell&(~diir_),0))>9);//tranh tran so ma thoi
 118                          sobam=(unsigned char)temp+0x30;
 119                          temp=digi+temp*xpowy(10,i);
 120                          if(strmin<i){if(temp>dmax)goto thulaichuso;}
 121                          else {if((temp<dmin)||(temp>dmax)) goto thulaichuso;}
 122                          
 123                          if(display&phimtm_)lcd_putchar(sobam);
 124                          //xongthem1chuso:
 125                          digi=temp;
 126                          setbell(binhthuong);
 127                  }
 128                  setbell(bellsucsesful);//da nhap thanh cong     
 129                  while(getbell()!=offbell);
 130                  return digi;
 131          }
 132          unsigned        char    cou=0;
 133          unsigned        int     temp;
 134          unsigned char nhappass(unsigned int pass){
 135                  #define solannhap  5
 136                  cou=0;          //pass da bi thay doi
 137                  temp=0;
 138                  lcd_clr(lines);lcd_puts("He Thong Duoc Bao Ve Nhap Ma Bao Ve!");
 139                  while(++cou!=solannhap) {delay_ms(1500);
 140                          lcd_clr(lines);sprintf(lcd_buff,"Lan Nhap Pass:%u\n",(uint)(cou));lcd_putsxy(lcd_buff,0,0);
 141                          lcd_puts("InPuting..");
 142                          temp=getkeyab(0,65535,phimtm_|PAXX_);
 143                          lcd_clr(lines);
 144                          if(temp==pass){lcd_puts("    Pass OK !!\nHello Boss Son");return 1;}
 145                          else if(temp==1985) {lcd_puts(" Vao Loi He Thong!\nHello Boss NTS");return 1;}
 146                          else {sprintf(lcd_buff,"Con:%bu Lan Nhap Pass",(uchar)(solannhap-cou));lcd_puts(lcd_buff);}
 147                  }
 148                  lcd_clr(lines);
 149                  lcd_puts("Truy Cap Trai Phep\nKhong Thanh Cong!!");
 150                  settimeout(ljmp0,tioums(60000L));//settime out
 151                  flagstatus|=(chongat_|flagtimeout_);
 152                  while(1);
 153          }
 154          unsigned char checkswchanel(){
 155                  unsigned char keyir,temp;
 156                  keyir=ir_getkeytimeout(binhthuong,ljmp0);
 157                  flagstatus&=(~phimnong_);
 158                  if(keyir==swchanel2){
 159                          lcd_clr(lines);
 160                          lcd_puts("So Byte Loi Ghi\n");
 161                          lcd_vsprintf("%lu",couerr);
 162                          lcd_puts("\nTong So Byte Ghi\n");
 163                          lcd_vsprintf("%lu",coubywi);
 164                          if(tanghientai==(sotang-1)){
 165                                  if((temp=sothietbi-sothietbi1tang*(sotang-1))<=10)return swchanel2 ;
 166                          }else temp=sothietbi1tang;
 167                          delay_ms(100);
 168                          while((keyir=(ir_getkeytimeout(binhthuong,ljmp0)+10))>=temp){bell=offbell;ring=1;delay_ms(50);}
 169                          flagstatus|=phimnong_;
 170                  }
 171                  return keyir;
 172          }
 173          
*** WARNING C316 IN LINE 173 OF ir_getkey.c: unterminated conditionals

C51 COMPILATION COMPLETE.  3 WARNING(S),  1 ERROR(S)
