C51 COMPILER V9.01   MUDULESIM                                                             05/29/2011 16:28:06 PAGE 1   


C51 COMPILER V9.01, COMPILATION OF MODULE MUDULESIM
OBJECT MODULE PLACED IN mudulesim.OBJ
COMPILER INVOKED BY: C:\Keil\C51\BIN\C51.EXE mudulesim.c BROWSE DEBUG OBJECTEXTEND

line level    source

   1          char TSMS_PDUMsg[161];
   2          void TextToSMS(void){
   3   1              char  shift = 0,c,w,n;
   4   1              
   5   1              TSMS_PDULen = 0;
*** ERROR C202 IN LINE 5 OF MUDULESIM.C: 'TSMS_PDULen': undefined identifier
   6   1              
   7   1              for (n=0; n<TSMS_TextLen; ++n){
*** ERROR C202 IN LINE 7 OF MUDULESIM.C: 'TSMS_TextLen': undefined identifier
   8   2                      c = TSMS_TextMsg[n] & 0x7f;
*** ERROR C202 IN LINE 8 OF MUDULESIM.C: 'TSMS_TextMsg': undefined identifier
   9   2                      c >>= shift;
  10   2                      w = TSMS_TextMsg[n+1] & 0x7f;
*** ERROR C202 IN LINE 10 OF MUDULESIM.C: 'TSMS_TextMsg': undefined identifier
  11   2                      w <<= (7-shift);
  12   2                      shift += 1;
  13   2                      c = c | w;
  14   2                      if (shift == 7){
  15   3                              shift = 0x00;
  16   3                              n++;
  17   3                      }
  18   2                      TSMS_PDUMsg[TSMS_PDULen] = c;
*** ERROR C202 IN LINE 18 OF MUDULESIM.C: 'TSMS_PDULen': undefined identifier
  19   2                      TSMS_PDULen++;
*** ERROR C202 IN LINE 19 OF MUDULESIM.C: 'TSMS_PDULen': undefined identifier
  20   2              }
  21   1      }
  22          
  23          /*
  24          **---------------------------------------------------------------------------
  25          **
  26          ** Abstract: Convert SMS to text
  27          **
  28          **
  29          ** Parameters:
  30          **
  31          **
  32          ** Returns:
  33          **
  34          **
  35          **---------------------------------------------------------------------------
  36          */
  37          char RSMS_TextMsg[161];
  38          void SMSToText(void){
  39   1              char  r;
  40   1              
  41   1              char RSMS_TextLen = 0;
  42   1              
  43   1              for (r=0; r<RSMS_PDULen; r++){
*** ERROR C202 IN LINE 43 OF MUDULESIM.C: 'RSMS_PDULen': undefined identifier
  44   2                      if (r%7 == 0){
  45   3                              RSMS_TextMsg[RSMS_TextLen++] = ( RSMS_PDUMsg[r] << 0 ) & 0x7F;
*** ERROR C202 IN LINE 45 OF MUDULESIM.C: 'RSMS_PDUMsg': undefined identifier
  46   3                      }
  47   2                      else if (r%7 == 6){
C51 COMPILER V9.01   MUDULESIM                                                             05/29/2011 16:28:06 PAGE 2   

  48   3                              RSMS_TextMsg[RSMS_TextLen++]=((RSMS_PDUMsg[r]<<6)|(RSMS_PDUMsg[r-1]>>2))&0x7F;
*** ERROR C202 IN LINE 48 OF MUDULESIM.C: 'RSMS_PDUMsg': undefined identifier
  49   3                              RSMS_TextMsg[RSMS_TextLen++]=(RSMS_PDUMsg[r]>>1)&0x7F;
*** ERROR C202 IN LINE 49 OF MUDULESIM.C: 'RSMS_PDUMsg': undefined identifier
  50   3                      }
  51   2                      else{
  52   3                              RSMS_TextMsg[RSMS_TextLen++]=((RSMS_PDUMsg[r]<<(r%7))|(RSMS_PDUMsg[r-1]>>(7+1-(r%7))))&0x7F;
*** ERROR C202 IN LINE 52 OF MUDULESIM.C: 'RSMS_PDUMsg': undefined identifier
  53   3                      }
  54   2              }
  55   1      }

C51 COMPILATION COMPLETE.  0 WARNING(S),  11 ERROR(S)
