C51 COMPILER V9.01   SULYDULIEU                                                            05/29/2011 16:28:06 PAGE 1   


C51 COMPILER V9.01, COMPILATION OF MODULE SULYDULIEU
OBJECT MODULE PLACED IN sulydulieu.OBJ
COMPILER INVOKED BY: C:\Keil\C51\BIN\C51.EXE sulydulieu.c BROWSE DEBUG OBJECTEXTEND

line level    source

   1          #include <sulydulieu.h>
   2          #include <stdarg.h>
   3          void varfunc (char *buf, int id, ...) {
   4   1        va_list tag=buf;
   5   1      
   6   1        va_start (tag, id);
   7   1      
   8   1        if (id == 0) {
   9   2          int arg1;
  10   2          char *arg2;
  11   2          long arg3;
  12   2      
  13   2          arg1 = va_arg (tag, int);
  14   2          arg2 = va_arg (tag, char *);
  15   2          arg3 = va_arg (tag, long);
  16   2        }
  17   1      
  18   1        else {
  19   2          char *arg1;
  20   2          char *arg2;
  21   2          long arg3;
  22   2      
  23   2          arg1 = va_arg (tag, char *);
  24   2          arg2 = va_arg (tag, char *);
  25   2          arg3 = va_arg (tag, long);
  26   2        }
  27   1      
  28   1        va_end (tag);
  29   1      }


MODULE INFORMATION:   STATIC OVERLAYABLE
   CODE SIZE        =    176    ----
   CONSTANT SIZE    =   ----    ----
   XDATA SIZE       =   ----    ----
   PDATA SIZE       =   ----    ----
   DATA SIZE        =   ----      33
   IDATA SIZE       =   ----    ----
   BIT SIZE         =   ----    ----
END OF MODULE INFORMATION.


C51 COMPILATION COMPLETE.  0 WARNING(S),  0 ERROR(S)
